<?xml version="1.0" encoding="UTF-8"?>
<!-- Generated by org.testng.reporters.JUnitXMLReporter -->
<testsuite hostname="ALI" ignored="0" name="IETest" tests="1" failures="0" timestamp="19 May 2018 22:56:23 GMT" time="0.047" errors="0">
  <testcase name="@BeforeClass beforeTest" time="0.016" classname="JPay.TestCase">
    <failure type="java.lang.NullPointerException">
      <![CDATA[java.lang.NullPointerException
at JPay.TestCase.beforeTest(TestCase.java:50)
... Removed 26 stack frames]]>
    </failure>
  </testcase> <!-- @BeforeClass beforeTest -->
  <testcase name="@AfterClass afterClass" time="0.0" classname="JPay.TestCase">
    <skipped/>
  </testcase> <!-- @AfterClass afterClass -->
  <testcase name="TestCase1" time="0.0" classname="JPay.TestCase">
    <skipped/>
  </testcase> <!-- TestCase1 -->
</testsuite> <!-- IETest -->
