<?xml version="1.0" encoding="UTF-8"?>
<testng-results skipped="0" failed="0" total="1" passed="1">
  <reporter-output>
  </reporter-output>
  <suite name="Default suite" duration-ms="46403" started-at="2018-10-21T14:24:03Z" finished-at="2018-10-21T14:24:50Z">
    <groups>
    </groups>
    <test name="Default test" duration-ms="46403" started-at="2018-10-21T14:24:03Z" finished-at="2018-10-21T14:24:50Z">
      <class name="com.qa.maven_git_jenkin.TestCase">
        <test-method status="PASS" signature="beforeTest()[pri:0, instance:com.qa.maven_git_jenkin.TestCase@6fd02e5]" name="beforeTest" is-config="true" duration-ms="19501" started-at="2018-10-21T10:24:03Z" finished-at="2018-10-21T10:24:23Z">
          <reporter-output>
          </reporter-output>
        </test-method> <!-- beforeTest -->
        <test-method status="PASS" signature="TestCase1()[pri:0, instance:com.qa.maven_git_jenkin.TestCase@6fd02e5]" name="TestCase1" duration-ms="20829" started-at="2018-10-21T10:24:23Z" finished-at="2018-10-21T10:24:44Z">
          <reporter-output>
          </reporter-output>
        </test-method> <!-- TestCase1 -->
        <test-method status="PASS" signature="afterClass()[pri:0, instance:com.qa.maven_git_jenkin.TestCase@6fd02e5]" name="afterClass" is-config="true" duration-ms="6059" started-at="2018-10-21T10:24:44Z" finished-at="2018-10-21T10:24:50Z">
          <reporter-output>
          </reporter-output>
        </test-method> <!-- afterClass -->
      </class> <!-- com.qa.maven_git_jenkin.TestCase -->
    </test> <!-- Default test -->
  </suite> <!-- Default suite -->
</testng-results>
