<?xml version="1.0" encoding="UTF-8"?>
<testng-results skipped="0" failed="0" total="1" passed="1">
  <reporter-output>
  </reporter-output>
  <suite name="Default suite" duration-ms="44703" started-at="2018-11-03T15:22:43Z" finished-at="2018-11-03T15:23:28Z">
    <groups>
    </groups>
    <test name="Default test" duration-ms="44703" started-at="2018-11-03T15:22:43Z" finished-at="2018-11-03T15:23:28Z">
      <class name="com.qa.maven_git_jenkin.TestCase">
        <test-method status="PASS" signature="beforeTest()[pri:0, instance:com.qa.maven_git_jenkin.TestCase@6fd02e5]" name="beforeTest" is-config="true" duration-ms="25352" started-at="2018-11-03T11:22:43Z" finished-at="2018-11-03T11:23:09Z">
          <reporter-output>
          </reporter-output>
        </test-method> <!-- beforeTest -->
        <test-method status="PASS" signature="TestCase1()[pri:0, instance:com.qa.maven_git_jenkin.TestCase@6fd02e5]" name="TestCase1" duration-ms="13496" started-at="2018-11-03T11:23:09Z" finished-at="2018-11-03T11:23:22Z">
          <reporter-output>
          </reporter-output>
        </test-method> <!-- TestCase1 -->
        <test-method status="PASS" signature="afterClass()[pri:0, instance:com.qa.maven_git_jenkin.TestCase@6fd02e5]" name="afterClass" is-config="true" duration-ms="5821" started-at="2018-11-03T11:23:22Z" finished-at="2018-11-03T11:23:28Z">
          <reporter-output>
          </reporter-output>
        </test-method> <!-- afterClass -->
      </class> <!-- com.qa.maven_git_jenkin.TestCase -->
    </test> <!-- Default test -->
  </suite> <!-- Default suite -->
</testng-results>
